{"/home/scottj/Source/taphandle/src/index.js": {"path":"/home/scottj/Source/taphandle/src/index.js","statementMap":{},"fnMap":{},"branchMap":{},"s":{},"f":{},"b":{},"_coverageSchema":"1a1c01bbd47fc00a2c39e90264f33305004495a9","hash":"93167959617a439a9bec01b815b50150e435a9a9"}
,"/home/scottj/Source/taphandle/src/behavior/behavior.js": {"path":"/home/scottj/Source/taphandle/src/behavior/behavior.js","statementMap":{"0":{"start":{"line":12,"column":17},"end":{"line":18,"column":1}},"1":{"start":{"line":12,"column":29},"end":{"line":18,"column":1}},"2":{"start":{"line":13,"column":2},"end":{"line":17,"column":5}},"3":{"start":{"line":14,"column":4},"end":{"line":16,"column":5}},"4":{"start":{"line":15,"column":6},"end":{"line":15,"column":38}},"5":{"start":{"line":22,"column":4},"end":{"line":25,"column":20}}},"fnMap":{"0":{"name":"(anonymous_0)","decl":{"start":{"line":12,"column":17},"end":{"line":12,"column":18}},"loc":{"start":{"line":12,"column":29},"end":{"line":18,"column":1}},"line":12},"1":{"name":"callHooks","decl":{"start":{"line":12,"column":38},"end":{"line":12,"column":47}},"loc":{"start":{"line":12,"column":72},"end":{"line":18,"column":1}},"line":12},"2":{"name":"(anonymous_2)","decl":{"start":{"line":13,"column":14},"end":{"line":13,"column":15}},"loc":{"start":{"line":13,"column":26},"end":{"line":17,"column":3}},"line":13},"3":{"name":"(anonymous_3)","decl":{"start":{"line":21,"column":2},"end":{"line":21,"column":3}},"loc":{"start":{"line":21,"column":34},"end":{"line":26,"column":3}},"line":21}},"branchMap":{"0":{"loc":{"start":{"line":12,"column":48},"end":{"line":12,"column":70}},"type":"default-arg","locations":[{"start":{"line":12,"column":57},"end":{"line":12,"column":70}}],"line":12},"1":{"loc":{"start":{"line":14,"column":4},"end":{"line":16,"column":5}},"type":"if","locations":[{"start":{"line":14,"column":4},"end":{"line":16,"column":5}},{"start":{"line":14,"column":4},"end":{"line":16,"column":5}}],"line":14}},"s":{"0":3,"1":26,"2":13,"3":26,"4":13,"5":13},"f":{"0":26,"1":13,"2":26,"3":13},"b":{"0":[0],"1":[13,13]},"_coverageSchema":"1a1c01bbd47fc00a2c39e90264f33305004495a9","hash":"45a3920587493c4cad80876141193a04c7b726a1"}
,"/home/scottj/Source/taphandle/src/behavior/index.js": {"path":"/home/scottj/Source/taphandle/src/behavior/index.js","statementMap":{"0":{"start":{"line":4,"column":19},"end":{"line":14,"column":1}},"1":{"start":{"line":18,"column":4},"end":{"line":18,"column":40}},"2":{"start":{"line":19,"column":4},"end":{"line":23,"column":6}},"3":{"start":{"line":25,"column":4},"end":{"line":25,"column":56}},"4":{"start":{"line":27,"column":4},"end":{"line":27,"column":52}},"5":{"start":{"line":31,"column":4},"end":{"line":40,"column":5}},"6":{"start":{"line":32,"column":21},"end":{"line":32,"column":34}},"7":{"start":{"line":33,"column":6},"end":{"line":37,"column":11}},"8":{"start":{"line":35,"column":27},"end":{"line":35,"column":103}},"9":{"start":{"line":36,"column":10},"end":{"line":36,"column":30}},"10":{"start":{"line":39,"column":6},"end":{"line":39,"column":76}},"11":{"start":{"line":44,"column":4},"end":{"line":44,"column":39}},"12":{"start":{"line":48,"column":4},"end":{"line":50,"column":5}},"13":{"start":{"line":49,"column":6},"end":{"line":49,"column":41}},"14":{"start":{"line":52,"column":4},"end":{"line":56,"column":5}},"15":{"start":{"line":54,"column":6},"end":{"line":55,"column":51}},"16":{"start":{"line":58,"column":4},"end":{"line":58,"column":49}}},"fnMap":{"0":{"name":"(anonymous_0)","decl":{"start":{"line":17,"column":2},"end":{"line":17,"column":3}},"loc":{"start":{"line":17,"column":31},"end":{"line":28,"column":3}},"line":17},"1":{"name":"(anonymous_1)","decl":{"start":{"line":30,"column":2},"end":{"line":30,"column":3}},"loc":{"start":{"line":30,"column":38},"end":{"line":41,"column":3}},"line":30},"2":{"name":"(anonymous_2)","decl":{"start":{"line":34,"column":17},"end":{"line":34,"column":18}},"loc":{"start":{"line":34,"column":26},"end":{"line":37,"column":9}},"line":34},"3":{"name":"(anonymous_3)","decl":{"start":{"line":43,"column":2},"end":{"line":43,"column":3}},"loc":{"start":{"line":43,"column":22},"end":{"line":45,"column":3}},"line":43},"4":{"name":"(anonymous_4)","decl":{"start":{"line":47,"column":2},"end":{"line":47,"column":3}},"loc":{"start":{"line":47,"column":38},"end":{"line":59,"column":3}},"line":47}},"branchMap":{"0":{"loc":{"start":{"line":31,"column":4},"end":{"line":40,"column":5}},"type":"if","locations":[{"start":{"line":31,"column":4},"end":{"line":40,"column":5}},{"start":{"line":31,"column":4},"end":{"line":40,"column":5}}],"line":31},"1":{"loc":{"start":{"line":31,"column":8},"end":{"line":31,"column":83}},"type":"binary-expr","locations":[{"start":{"line":31,"column":8},"end":{"line":31,"column":42}},{"start":{"line":31,"column":46},"end":{"line":31,"column":83}}],"line":31},"2":{"loc":{"start":{"line":48,"column":4},"end":{"line":50,"column":5}},"type":"if","locations":[{"start":{"line":48,"column":4},"end":{"line":50,"column":5}},{"start":{"line":48,"column":4},"end":{"line":50,"column":5}}],"line":48},"3":{"loc":{"start":{"line":52,"column":4},"end":{"line":56,"column":5}},"type":"if","locations":[{"start":{"line":52,"column":4},"end":{"line":56,"column":5}},{"start":{"line":52,"column":4},"end":{"line":56,"column":5}}],"line":52},"4":{"loc":{"start":{"line":52,"column":8},"end":{"line":53,"column":51}},"type":"binary-expr","locations":[{"start":{"line":52,"column":8},"end":{"line":52,"column":50}},{"start":{"line":53,"column":12},"end":{"line":53,"column":50}}],"line":52}},"s":{"0":3,"1":6,"2":6,"3":6,"4":6,"5":6,"6":6,"7":6,"8":12,"9":12,"10":0,"11":2,"12":2,"13":1,"14":2,"15":2,"16":2},"f":{"0":6,"1":6,"2":12,"3":2,"4":2},"b":{"0":[6,0],"1":[6,0],"2":[1,1],"3":[2,0],"4":[2,1]},"_coverageSchema":"1a1c01bbd47fc00a2c39e90264f33305004495a9","hash":"d2e277c819884e6f543fd330803ed4e9b0a7be89"}
,"/home/scottj/Source/taphandle/src/behavior/actions/toggle-field-mask.js": {"path":"/home/scottj/Source/taphandle/src/behavior/actions/toggle-field-mask.js","statementMap":{"0":{"start":{"line":7,"column":3},"end":{"line":7,"column":47}},"1":{"start":{"line":8,"column":3},"end":{"line":8,"column":44}},"2":{"start":{"line":9,"column":3},"end":{"line":9,"column":58}}},"fnMap":{"0":{"name":"toggleFieldMask","decl":{"start":{"line":6,"column":25},"end":{"line":6,"column":40}},"loc":{"start":{"line":6,"column":54},"end":{"line":10,"column":2}},"line":6}},"branchMap":{"0":{"loc":{"start":{"line":9,"column":30},"end":{"line":9,"column":56}},"type":"cond-expr","locations":[{"start":{"line":9,"column":37},"end":{"line":9,"column":47}},{"start":{"line":9,"column":50},"end":{"line":9,"column":56}}],"line":9}},"s":{"0":2,"1":2,"2":2},"f":{"0":2},"b":{"0":[0,2]},"_coverageSchema":"1a1c01bbd47fc00a2c39e90264f33305004495a9","hash":"1e75aa7f1109efedca0588fb672fbd3846253c83"}
,"/home/scottj/Source/taphandle/src/behavior/actions/toggle-form-input.js": {"path":"/home/scottj/Source/taphandle/src/behavior/actions/toggle-form-input.js","statementMap":{"0":{"start":{"line":4,"column":17},"end":{"line":4,"column":32}},"1":{"start":{"line":5,"column":16},"end":{"line":5,"column":30}},"2":{"start":{"line":6,"column":18},"end":{"line":6,"column":34}},"3":{"start":{"line":7,"column":18},"end":{"line":7,"column":34}},"4":{"start":{"line":16,"column":24},"end":{"line":16,"column":91}},"5":{"start":{"line":16,"column":36},"end":{"line":16,"column":91}},"6":{"start":{"line":16,"column":76},"end":{"line":16,"column":90}},"7":{"start":{"line":32,"column":19},"end":{"line":33,"column":43}},"8":{"start":{"line":35,"column":18},"end":{"line":35,"column":58}},"9":{"start":{"line":36,"column":3},"end":{"line":36,"column":60}},"10":{"start":{"line":36,"column":27},"end":{"line":36,"column":58}},"11":{"start":{"line":38,"column":3},"end":{"line":40,"column":4}},"12":{"start":{"line":39,"column":5},"end":{"line":39,"column":42}},"13":{"start":{"line":42,"column":24},"end":{"line":42,"column":50}},"14":{"start":{"line":43,"column":24},"end":{"line":43,"column":83}},"15":{"start":{"line":45,"column":3},"end":{"line":45,"column":62}},"16":{"start":{"line":46,"column":3},"end":{"line":46,"column":59}},"17":{"start":{"line":47,"column":3},"end":{"line":47,"column":37}},"18":{"start":{"line":48,"column":3},"end":{"line":48,"column":18}}},"fnMap":{"0":{"name":"(anonymous_0)","decl":{"start":{"line":16,"column":24},"end":{"line":16,"column":25}},"loc":{"start":{"line":16,"column":36},"end":{"line":16,"column":91}},"line":16},"1":{"name":"(anonymous_1)","decl":{"start":{"line":16,"column":68},"end":{"line":16,"column":69}},"loc":{"start":{"line":16,"column":76},"end":{"line":16,"column":90}},"line":16},"2":{"name":"toggleFormInput","decl":{"start":{"line":27,"column":25},"end":{"line":27,"column":40}},"loc":{"start":{"line":27,"column":45},"end":{"line":49,"column":2}},"line":27},"3":{"name":"(anonymous_3)","decl":{"start":{"line":36,"column":18},"end":{"line":36,"column":19}},"loc":{"start":{"line":36,"column":27},"end":{"line":36,"column":58}},"line":36}},"branchMap":{"0":{"loc":{"start":{"line":32,"column":19},"end":{"line":33,"column":43}},"type":"binary-expr","locations":[{"start":{"line":32,"column":19},"end":{"line":32,"column":43}},{"start":{"line":33,"column":8},"end":{"line":33,"column":43}}],"line":32},"1":{"loc":{"start":{"line":38,"column":3},"end":{"line":40,"column":4}},"type":"if","locations":[{"start":{"line":38,"column":3},"end":{"line":40,"column":4}},{"start":{"line":38,"column":3},"end":{"line":40,"column":4}}],"line":38},"2":{"loc":{"start":{"line":43,"column":24},"end":{"line":43,"column":83}},"type":"binary-expr","locations":[{"start":{"line":43,"column":24},"end":{"line":43,"column":50}},{"start":{"line":43,"column":54},"end":{"line":43,"column":83}}],"line":43},"3":{"loc":{"start":{"line":45,"column":23},"end":{"line":45,"column":60}},"type":"cond-expr","locations":[{"start":{"line":45,"column":33},"end":{"line":45,"column":45}},{"start":{"line":45,"column":48},"end":{"line":45,"column":60}}],"line":45},"4":{"loc":{"start":{"line":46,"column":20},"end":{"line":46,"column":57}},"type":"cond-expr","locations":[{"start":{"line":46,"column":30},"end":{"line":46,"column":42}},{"start":{"line":46,"column":45},"end":{"line":46,"column":57}}],"line":46}},"s":{"0":3,"1":3,"2":3,"3":3,"4":3,"5":2,"6":2,"7":2,"8":2,"9":2,"10":2,"11":2,"12":2,"13":2,"14":2,"15":2,"16":2,"17":2,"18":2},"f":{"0":2,"1":2,"2":2,"3":2},"b":{"0":[2,0],"1":[2,0],"2":[2,2],"3":[0,2],"4":[0,2]},"_coverageSchema":"1a1c01bbd47fc00a2c39e90264f33305004495a9","hash":"6d7a1255f953dad54d7e34ce10169abb4bc6967d"}
,"/home/scottj/Source/taphandle/src/behavior/components/password-reveal-indicator.js": {"path":"/home/scottj/Source/taphandle/src/behavior/components/password-reveal-indicator.js","statementMap":{"0":{"start":{"line":5,"column":2},"end":{"line":5,"column":25}},"1":{"start":{"line":6,"column":2},"end":{"line":6,"column":24}},"2":{"start":{"line":11,"column":17},"end":{"line":11,"column":74}},"3":{"start":{"line":13,"column":4},"end":{"line":17,"column":7}}},"fnMap":{"0":{"name":"toggle","decl":{"start":{"line":4,"column":9},"end":{"line":4,"column":15}},"loc":{"start":{"line":4,"column":23},"end":{"line":7,"column":1}},"line":4},"1":{"name":"(anonymous_1)","decl":{"start":{"line":10,"column":2},"end":{"line":10,"column":3}},"loc":{"start":{"line":10,"column":31},"end":{"line":18,"column":3}},"line":10}},"branchMap":{},"s":{"0":2,"1":2,"2":6,"3":6},"f":{"0":2,"1":6},"b":{},"_coverageSchema":"1a1c01bbd47fc00a2c39e90264f33305004495a9","hash":"71dd573e8737aef2fc7a80ce25df0eee953e196e"}
,"/home/scottj/Source/taphandle/src/behavior/components/username.js": {"path":"/home/scottj/Source/taphandle/src/behavior/components/username.js","statementMap":{"0":{"start":{"line":6,"column":4},"end":{"line":6,"column":30}},"1":{"start":{"line":7,"column":4},"end":{"line":7,"column":63}},"2":{"start":{"line":8,"column":4},"end":{"line":8,"column":73}},"3":{"start":{"line":9,"column":4},"end":{"line":9,"column":81}},"4":{"start":{"line":13,"column":4},"end":{"line":13,"column":69}},"5":{"start":{"line":14,"column":4},"end":{"line":14,"column":90}},"6":{"start":{"line":16,"column":4},"end":{"line":20,"column":7}},"7":{"start":{"line":24,"column":17},"end":{"line":24,"column":29}},"8":{"start":{"line":25,"column":21},"end":{"line":25,"column":60}},"9":{"start":{"line":26,"column":25},"end":{"line":26,"column":55}},"10":{"start":{"line":27,"column":4},"end":{"line":27,"column":46}},"11":{"start":{"line":31,"column":4},"end":{"line":41,"column":5}},"12":{"start":{"line":32,"column":6},"end":{"line":34,"column":7}},"13":{"start":{"line":33,"column":8},"end":{"line":33,"column":66}},"14":{"start":{"line":36,"column":6},"end":{"line":36,"column":60}},"15":{"start":{"line":37,"column":6},"end":{"line":37,"column":53}},"16":{"start":{"line":39,"column":6},"end":{"line":39,"column":63}},"17":{"start":{"line":40,"column":6},"end":{"line":40,"column":52}}},"fnMap":{"0":{"name":"(anonymous_0)","decl":{"start":{"line":5,"column":2},"end":{"line":5,"column":3}},"loc":{"start":{"line":5,"column":31},"end":{"line":21,"column":3}},"line":5},"1":{"name":"(anonymous_1)","decl":{"start":{"line":23,"column":2},"end":{"line":23,"column":3}},"loc":{"start":{"line":23,"column":24},"end":{"line":28,"column":3}},"line":23},"2":{"name":"(anonymous_2)","decl":{"start":{"line":30,"column":2},"end":{"line":30,"column":3}},"loc":{"start":{"line":30,"column":43},"end":{"line":42,"column":3}},"line":30}},"branchMap":{"0":{"loc":{"start":{"line":31,"column":4},"end":{"line":41,"column":5}},"type":"if","locations":[{"start":{"line":31,"column":4},"end":{"line":41,"column":5}},{"start":{"line":31,"column":4},"end":{"line":41,"column":5}}],"line":31},"1":{"loc":{"start":{"line":32,"column":6},"end":{"line":34,"column":7}},"type":"if","locations":[{"start":{"line":32,"column":6},"end":{"line":34,"column":7}},{"start":{"line":32,"column":6},"end":{"line":34,"column":7}}],"line":32}},"s":{"0":6,"1":6,"2":6,"3":6,"4":6,"5":6,"6":6,"7":6,"8":6,"9":6,"10":6,"11":6,"12":5,"13":1,"14":5,"15":5,"16":1,"17":1},"f":{"0":6,"1":6,"2":6},"b":{"0":[5,1],"1":[1,4]},"_coverageSchema":"1a1c01bbd47fc00a2c39e90264f33305004495a9","hash":"e236b1b69de211bd0f4bfcb3eb87f3ffb542f8e4"}
,"/home/scottj/Source/taphandle/src/exceptions/ErrorHandler.js": {"path":"/home/scottj/Source/taphandle/src/exceptions/ErrorHandler.js","statementMap":{"0":{"start":{"line":12,"column":4},"end":{"line":26,"column":5}},"1":{"start":{"line":14,"column":8},"end":{"line":18,"column":9}},"2":{"start":{"line":15,"column":10},"end":{"line":15,"column":88}},"3":{"start":{"line":17,"column":10},"end":{"line":17,"column":106}},"4":{"start":{"line":19,"column":8},"end":{"line":19,"column":14}},"5":{"start":{"line":21,"column":8},"end":{"line":21,"column":68}},"6":{"start":{"line":22,"column":8},"end":{"line":22,"column":14}},"7":{"start":{"line":24,"column":8},"end":{"line":24,"column":137}},"8":{"start":{"line":25,"column":8},"end":{"line":25,"column":14}}},"fnMap":{"0":{"name":"(anonymous_0)","decl":{"start":{"line":11,"column":2},"end":{"line":11,"column":3}},"loc":{"start":{"line":11,"column":48},"end":{"line":27,"column":3}},"line":11}},"branchMap":{"0":{"loc":{"start":{"line":12,"column":4},"end":{"line":26,"column":5}},"type":"switch","locations":[{"start":{"line":13,"column":6},"end":{"line":19,"column":14}},{"start":{"line":20,"column":6},"end":{"line":22,"column":14}},{"start":{"line":23,"column":6},"end":{"line":25,"column":14}}],"line":12},"1":{"loc":{"start":{"line":14,"column":8},"end":{"line":18,"column":9}},"type":"if","locations":[{"start":{"line":14,"column":8},"end":{"line":18,"column":9}},{"start":{"line":14,"column":8},"end":{"line":18,"column":9}}],"line":14}},"s":{"0":0,"1":0,"2":0,"3":0,"4":0,"5":0,"6":0,"7":0,"8":0},"f":{"0":0},"b":{"0":[0,0,0],"1":[0,0]},"_coverageSchema":"1a1c01bbd47fc00a2c39e90264f33305004495a9","hash":"b351eb95663db4db7723029391b7495033bce22c"}
,"/home/scottj/Source/taphandle/src/validation/FieldValidator.js": {"path":"/home/scottj/Source/taphandle/src/validation/FieldValidator.js","statementMap":{"0":{"start":{"line":10,"column":4},"end":{"line":10,"column":35}},"1":{"start":{"line":11,"column":4},"end":{"line":11,"column":23}},"2":{"start":{"line":13,"column":4},"end":{"line":13,"column":83}},"3":{"start":{"line":14,"column":4},"end":{"line":16,"column":5}},"4":{"start":{"line":15,"column":6},"end":{"line":15,"column":88}},"5":{"start":{"line":21,"column":4},"end":{"line":21,"column":56}},"6":{"start":{"line":22,"column":4},"end":{"line":22,"column":30}},"7":{"start":{"line":26,"column":15},"end":{"line":26,"column":19}},"8":{"start":{"line":28,"column":4},"end":{"line":30,"column":7}},"9":{"start":{"line":29,"column":6},"end":{"line":29,"column":22}},"10":{"start":{"line":34,"column":4},"end":{"line":34,"column":45}},"11":{"start":{"line":35,"column":4},"end":{"line":35,"column":46}},"12":{"start":{"line":39,"column":4},"end":{"line":39,"column":22}},"13":{"start":{"line":43,"column":15},"end":{"line":43,"column":19}},"14":{"start":{"line":44,"column":4},"end":{"line":44,"column":37}},"15":{"start":{"line":56,"column":4},"end":{"line":56,"column":27}},"16":{"start":{"line":57,"column":4},"end":{"line":57,"column":43}},"17":{"start":{"line":61,"column":4},"end":{"line":61,"column":39}},"18":{"start":{"line":62,"column":4},"end":{"line":62,"column":43}},"19":{"start":{"line":66,"column":4},"end":{"line":66,"column":29}},"20":{"start":{"line":67,"column":4},"end":{"line":67,"column":31}},"21":{"start":{"line":71,"column":4},"end":{"line":71,"column":30}},"22":{"start":{"line":72,"column":4},"end":{"line":72,"column":31}},"23":{"start":{"line":76,"column":4},"end":{"line":78,"column":5}},"24":{"start":{"line":77,"column":6},"end":{"line":77,"column":35}},"25":{"start":{"line":80,"column":4},"end":{"line":87,"column":5}},"26":{"start":{"line":81,"column":6},"end":{"line":81,"column":25}},"27":{"start":{"line":82,"column":6},"end":{"line":82,"column":41}},"28":{"start":{"line":84,"column":6},"end":{"line":84,"column":45}},"29":{"start":{"line":85,"column":6},"end":{"line":85,"column":51}},"30":{"start":{"line":86,"column":6},"end":{"line":86,"column":25}},"31":{"start":{"line":89,"column":4},"end":{"line":89,"column":35}},"32":{"start":{"line":93,"column":15},"end":{"line":93,"column":19}},"33":{"start":{"line":94,"column":18},"end":{"line":94,"column":30}},"34":{"start":{"line":95,"column":25},"end":{"line":95,"column":44}},"35":{"start":{"line":96,"column":18},"end":{"line":96,"column":23}},"36":{"start":{"line":98,"column":4},"end":{"line":98,"column":38}},"37":{"start":{"line":100,"column":4},"end":{"line":127,"column":5}},"38":{"start":{"line":101,"column":6},"end":{"line":103,"column":7}},"39":{"start":{"line":102,"column":8},"end":{"line":102,"column":58}},"40":{"start":{"line":105,"column":6},"end":{"line":105,"column":30}},"41":{"start":{"line":106,"column":6},"end":{"line":106,"column":13}},"42":{"start":{"line":107,"column":11},"end":{"line":127,"column":5}},"43":{"start":{"line":108,"column":6},"end":{"line":110,"column":7}},"44":{"start":{"line":109,"column":8},"end":{"line":109,"column":65}},"45":{"start":{"line":112,"column":6},"end":{"line":112,"column":30}},"46":{"start":{"line":114,"column":6},"end":{"line":114,"column":21}},"47":{"start":{"line":115,"column":27},"end":{"line":115,"column":55}},"48":{"start":{"line":116,"column":6},"end":{"line":124,"column":7}},"49":{"start":{"line":117,"column":30},"end":{"line":117,"column":53}},"50":{"start":{"line":118,"column":8},"end":{"line":123,"column":9}},"51":{"start":{"line":120,"column":10},"end":{"line":120,"column":25}},"52":{"start":{"line":122,"column":10},"end":{"line":122,"column":63}},"53":{"start":{"line":126,"column":6},"end":{"line":126,"column":32}},"54":{"start":{"line":131,"column":4},"end":{"line":134,"column":5}},"55":{"start":{"line":132,"column":6},"end":{"line":132,"column":27}},"56":{"start":{"line":133,"column":6},"end":{"line":133,"column":41}},"57":{"start":{"line":136,"column":4},"end":{"line":136,"column":25}}},"fnMap":{"0":{"name":"(anonymous_0)","decl":{"start":{"line":9,"column":2},"end":{"line":9,"column":3}},"loc":{"start":{"line":9,"column":29},"end":{"line":23,"column":3}},"line":9},"1":{"name":"(anonymous_1)","decl":{"start":{"line":25,"column":2},"end":{"line":25,"column":3}},"loc":{"start":{"line":25,"column":11},"end":{"line":31,"column":3}},"line":25},"2":{"name":"(anonymous_2)","decl":{"start":{"line":28,"column":42},"end":{"line":28,"column":43}},"loc":{"start":{"line":28,"column":58},"end":{"line":30,"column":5}},"line":28},"3":{"name":"(anonymous_3)","decl":{"start":{"line":33,"column":2},"end":{"line":33,"column":3}},"loc":{"start":{"line":33,"column":12},"end":{"line":36,"column":3}},"line":33},"4":{"name":"(anonymous_4)","decl":{"start":{"line":38,"column":2},"end":{"line":38,"column":3}},"loc":{"start":{"line":38,"column":12},"end":{"line":40,"column":3}},"line":38},"5":{"name":"(anonymous_5)","decl":{"start":{"line":42,"column":2},"end":{"line":42,"column":3}},"loc":{"start":{"line":42,"column":39},"end":{"line":45,"column":3}},"line":42},"6":{"name":"(anonymous_6)","decl":{"start":{"line":55,"column":2},"end":{"line":55,"column":3}},"loc":{"start":{"line":55,"column":22},"end":{"line":58,"column":3}},"line":55},"7":{"name":"(anonymous_7)","decl":{"start":{"line":60,"column":2},"end":{"line":60,"column":3}},"loc":{"start":{"line":60,"column":26},"end":{"line":63,"column":3}},"line":60},"8":{"name":"(anonymous_8)","decl":{"start":{"line":65,"column":2},"end":{"line":65,"column":3}},"loc":{"start":{"line":65,"column":16},"end":{"line":68,"column":3}},"line":65},"9":{"name":"(anonymous_9)","decl":{"start":{"line":70,"column":2},"end":{"line":70,"column":3}},"loc":{"start":{"line":70,"column":16},"end":{"line":73,"column":3}},"line":70},"10":{"name":"(anonymous_10)","decl":{"start":{"line":75,"column":2},"end":{"line":75,"column":3}},"loc":{"start":{"line":75,"column":24},"end":{"line":90,"column":3}},"line":75},"11":{"name":"(anonymous_11)","decl":{"start":{"line":92,"column":2},"end":{"line":92,"column":3}},"loc":{"start":{"line":92,"column":13},"end":{"line":128,"column":3}},"line":92},"12":{"name":"(anonymous_12)","decl":{"start":{"line":130,"column":2},"end":{"line":130,"column":3}},"loc":{"start":{"line":130,"column":27},"end":{"line":137,"column":3}},"line":130}},"branchMap":{"0":{"loc":{"start":{"line":14,"column":4},"end":{"line":16,"column":5}},"type":"if","locations":[{"start":{"line":14,"column":4},"end":{"line":16,"column":5}},{"start":{"line":14,"column":4},"end":{"line":16,"column":5}}],"line":14},"1":{"loc":{"start":{"line":76,"column":4},"end":{"line":78,"column":5}},"type":"if","locations":[{"start":{"line":76,"column":4},"end":{"line":78,"column":5}},{"start":{"line":76,"column":4},"end":{"line":78,"column":5}}],"line":76},"2":{"loc":{"start":{"line":80,"column":4},"end":{"line":87,"column":5}},"type":"if","locations":[{"start":{"line":80,"column":4},"end":{"line":87,"column":5}},{"start":{"line":80,"column":4},"end":{"line":87,"column":5}}],"line":80},"3":{"loc":{"start":{"line":100,"column":4},"end":{"line":127,"column":5}},"type":"if","locations":[{"start":{"line":100,"column":4},"end":{"line":127,"column":5}},{"start":{"line":100,"column":4},"end":{"line":127,"column":5}}],"line":100},"4":{"loc":{"start":{"line":101,"column":6},"end":{"line":103,"column":7}},"type":"if","locations":[{"start":{"line":101,"column":6},"end":{"line":103,"column":7}},{"start":{"line":101,"column":6},"end":{"line":103,"column":7}}],"line":101},"5":{"loc":{"start":{"line":107,"column":11},"end":{"line":127,"column":5}},"type":"if","locations":[{"start":{"line":107,"column":11},"end":{"line":127,"column":5}},{"start":{"line":107,"column":11},"end":{"line":127,"column":5}}],"line":107},"6":{"loc":{"start":{"line":108,"column":6},"end":{"line":110,"column":7}},"type":"if","locations":[{"start":{"line":108,"column":6},"end":{"line":110,"column":7}},{"start":{"line":108,"column":6},"end":{"line":110,"column":7}}],"line":108},"7":{"loc":{"start":{"line":116,"column":6},"end":{"line":124,"column":7}},"type":"if","locations":[{"start":{"line":116,"column":6},"end":{"line":124,"column":7}},{"start":{"line":116,"column":6},"end":{"line":124,"column":7}}],"line":116},"8":{"loc":{"start":{"line":118,"column":8},"end":{"line":123,"column":9}},"type":"if","locations":[{"start":{"line":118,"column":8},"end":{"line":123,"column":9}},{"start":{"line":118,"column":8},"end":{"line":123,"column":9}}],"line":118},"9":{"loc":{"start":{"line":131,"column":4},"end":{"line":134,"column":5}},"type":"if","locations":[{"start":{"line":131,"column":4},"end":{"line":134,"column":5}},{"start":{"line":131,"column":4},"end":{"line":134,"column":5}}],"line":131},"10":{"loc":{"start":{"line":131,"column":8},"end":{"line":131,"column":56}},"type":"binary-expr","locations":[{"start":{"line":131,"column":8},"end":{"line":131,"column":30}},{"start":{"line":131,"column":34},"end":{"line":131,"column":56}}],"line":131}},"s":{"0":0,"1":0,"2":0,"3":0,"4":0,"5":0,"6":0,"7":0,"8":0,"9":0,"10":0,"11":0,"12":0,"13":0,"14":0,"15":0,"16":0,"17":0,"18":0,"19":0,"20":0,"21":0,"22":0,"23":0,"24":0,"25":0,"26":0,"27":0,"28":0,"29":0,"30":0,"31":0,"32":0,"33":0,"34":0,"35":0,"36":0,"37":0,"38":0,"39":0,"40":0,"41":0,"42":0,"43":0,"44":0,"45":0,"46":0,"47":0,"48":0,"49":0,"50":0,"51":0,"52":0,"53":0,"54":0,"55":0,"56":0,"57":0},"f":{"0":0,"1":0,"2":0,"3":0,"4":0,"5":0,"6":0,"7":0,"8":0,"9":0,"10":0,"11":0,"12":0},"b":{"0":[0,0],"1":[0,0],"2":[0,0],"3":[0,0],"4":[0,0],"5":[0,0],"6":[0,0],"7":[0,0],"8":[0,0],"9":[0,0],"10":[0,0]},"_coverageSchema":"1a1c01bbd47fc00a2c39e90264f33305004495a9","hash":"aa1313471d2c2baf15b4b6efc1ec32048e7078bb"}
}
