TN:
SF:src/index.js
FNF:0
FNH:0
LF:0
LH:0
BRF:0
BRH:0
end_of_record
TN:
SF:src/behavior/behavior.js
FN:12,(anonymous_0)
FN:12,callHooks
FN:13,(anonymous_2)
FN:21,(anonymous_3)
FNF:4
FNH:4
FNDA:26,(anonymous_0)
FNDA:13,callHooks
FNDA:26,(anonymous_2)
FNDA:13,(anonymous_3)
DA:12,26
DA:13,13
DA:14,26
DA:15,13
DA:22,13
LF:5
LH:5
BRDA:12,0,0,0
BRDA:14,1,0,13
BRDA:14,1,1,13
BRF:3
BRH:2
end_of_record
TN:
SF:src/behavior/index.js
FN:17,(anonymous_0)
FN:30,(anonymous_1)
FN:34,(anonymous_2)
FN:43,(anonymous_3)
FN:47,(anonymous_4)
FNF:5
FNH:5
FNDA:6,(anonymous_0)
FNDA:6,(anonymous_1)
FNDA:12,(anonymous_2)
FNDA:2,(anonymous_3)
FNDA:2,(anonymous_4)
DA:4,3
DA:18,6
DA:19,6
DA:25,6
DA:27,6
DA:31,6
DA:32,6
DA:33,6
DA:35,12
DA:36,12
DA:39,0
DA:44,2
DA:48,2
DA:49,1
DA:52,2
DA:54,2
DA:58,2
LF:17
LH:16
BRDA:31,0,0,6
BRDA:31,0,1,0
BRDA:31,1,0,6
BRDA:31,1,1,0
BRDA:48,2,0,1
BRDA:48,2,1,1
BRDA:52,3,0,2
BRDA:52,3,1,0
BRDA:52,4,0,2
BRDA:52,4,1,1
BRF:10
BRH:7
end_of_record
TN:
SF:src/behavior/actions/toggle-field-mask.js
FN:6,toggleFieldMask
FNF:1
FNH:1
FNDA:2,toggleFieldMask
DA:7,2
DA:8,2
DA:9,2
LF:3
LH:3
BRDA:9,0,0,0
BRDA:9,0,1,2
BRF:2
BRH:1
end_of_record
TN:
SF:src/behavior/actions/toggle-form-input.js
FN:16,(anonymous_0)
FN:16,(anonymous_1)
FN:27,toggleFormInput
FN:36,(anonymous_3)
FNF:4
FNH:4
FNDA:2,(anonymous_0)
FNDA:2,(anonymous_1)
FNDA:2,toggleFormInput
FNDA:2,(anonymous_3)
DA:4,3
DA:5,3
DA:6,3
DA:7,3
DA:16,3
DA:32,2
DA:35,2
DA:36,2
DA:38,2
DA:39,2
DA:42,2
DA:43,2
DA:45,2
DA:46,2
DA:47,2
DA:48,2
LF:16
LH:16
BRDA:32,0,0,2
BRDA:32,0,1,0
BRDA:38,1,0,2
BRDA:38,1,1,0
BRDA:43,2,0,2
BRDA:43,2,1,2
BRDA:45,3,0,0
BRDA:45,3,1,2
BRDA:46,4,0,0
BRDA:46,4,1,2
BRF:10
BRH:6
end_of_record
TN:
SF:src/behavior/components/password-reveal-indicator.js
FN:4,toggle
FN:10,(anonymous_1)
FNF:2
FNH:2
FNDA:2,toggle
FNDA:6,(anonymous_1)
DA:5,2
DA:6,2
DA:11,6
DA:13,6
LF:4
LH:4
BRF:0
BRH:0
end_of_record
TN:
SF:src/behavior/components/username.js
FN:5,(anonymous_0)
FN:23,(anonymous_1)
FN:30,(anonymous_2)
FNF:3
FNH:3
FNDA:6,(anonymous_0)
FNDA:6,(anonymous_1)
FNDA:6,(anonymous_2)
DA:6,6
DA:7,6
DA:8,6
DA:9,6
DA:13,6
DA:14,6
DA:16,6
DA:24,6
DA:25,6
DA:26,6
DA:27,6
DA:31,6
DA:32,5
DA:33,1
DA:36,5
DA:37,5
DA:39,1
DA:40,1
LF:18
LH:18
BRDA:31,0,0,5
BRDA:31,0,1,1
BRDA:32,1,0,1
BRDA:32,1,1,4
BRF:4
BRH:4
end_of_record
TN:
SF:src/exceptions/ErrorHandler.js
FN:11,(anonymous_0)
FNF:1
FNH:0
FNDA:0,(anonymous_0)
DA:12,0
DA:14,0
DA:15,0
DA:17,0
DA:19,0
DA:21,0
DA:22,0
DA:24,0
DA:25,0
LF:9
LH:0
BRDA:12,0,0,0
BRDA:12,0,1,0
BRDA:12,0,2,0
BRDA:14,1,0,0
BRDA:14,1,1,0
BRF:5
BRH:0
end_of_record
TN:
SF:src/validation/FieldValidator.js
FN:9,(anonymous_0)
FN:25,(anonymous_1)
FN:28,(anonymous_2)
FN:33,(anonymous_3)
FN:38,(anonymous_4)
FN:42,(anonymous_5)
FN:55,(anonymous_6)
FN:60,(anonymous_7)
FN:65,(anonymous_8)
FN:70,(anonymous_9)
FN:75,(anonymous_10)
FN:92,(anonymous_11)
FN:130,(anonymous_12)
FNF:13
FNH:0
FNDA:0,(anonymous_0)
FNDA:0,(anonymous_1)
FNDA:0,(anonymous_2)
FNDA:0,(anonymous_3)
FNDA:0,(anonymous_4)
FNDA:0,(anonymous_5)
FNDA:0,(anonymous_6)
FNDA:0,(anonymous_7)
FNDA:0,(anonymous_8)
FNDA:0,(anonymous_9)
FNDA:0,(anonymous_10)
FNDA:0,(anonymous_11)
FNDA:0,(anonymous_12)
DA:10,0
DA:11,0
DA:13,0
DA:14,0
DA:15,0
DA:21,0
DA:22,0
DA:26,0
DA:28,0
DA:29,0
DA:34,0
DA:35,0
DA:39,0
DA:43,0
DA:44,0
DA:56,0
DA:57,0
DA:61,0
DA:62,0
DA:66,0
DA:67,0
DA:71,0
DA:72,0
DA:76,0
DA:77,0
DA:80,0
DA:81,0
DA:82,0
DA:84,0
DA:85,0
DA:86,0
DA:89,0
DA:93,0
DA:94,0
DA:95,0
DA:96,0
DA:98,0
DA:100,0
DA:101,0
DA:102,0
DA:105,0
DA:106,0
DA:107,0
DA:108,0
DA:109,0
DA:112,0
DA:114,0
DA:115,0
DA:116,0
DA:117,0
DA:118,0
DA:120,0
DA:122,0
DA:126,0
DA:131,0
DA:132,0
DA:133,0
DA:136,0
LF:58
LH:0
BRDA:14,0,0,0
BRDA:14,0,1,0
BRDA:76,1,0,0
BRDA:76,1,1,0
BRDA:80,2,0,0
BRDA:80,2,1,0
BRDA:100,3,0,0
BRDA:100,3,1,0
BRDA:101,4,0,0
BRDA:101,4,1,0
BRDA:107,5,0,0
BRDA:107,5,1,0
BRDA:108,6,0,0
BRDA:108,6,1,0
BRDA:116,7,0,0
BRDA:116,7,1,0
BRDA:118,8,0,0
BRDA:118,8,1,0
BRDA:131,9,0,0
BRDA:131,9,1,0
BRDA:131,10,0,0
BRDA:131,10,1,0
BRF:22
BRH:0
end_of_record
